<?xml version="1.0" encoding="UTF-8"?>
<testng-results skipped="0" failed="0" ignored="0" total="1" passed="1">
  <reporter-output>
  </reporter-output>
  <suite name="Suite" duration-ms="2407" started-at="2019-05-16T04:03:23Z" finished-at="2019-05-16T04:03:26Z">
    <groups>
    </groups>
    <test name="Test" duration-ms="2407" started-at="2019-05-16T04:03:23Z" finished-at="2019-05-16T04:03:26Z">
      <class name="org.testing.TestCases.TestCase1">
        <test-method status="PASS" signature="tc1()[pri:0, instance:org.testing.TestCases.TestCase1@29ee9faa]" name="tc1" duration-ms="2361" started-at="2019-05-15T21:03:24Z" finished-at="2019-05-15T21:03:26Z">
          <reporter-output>
          </reporter-output>
        </test-method> <!-- tc1 -->
      </class> <!-- org.testing.TestCases.TestCase1 -->
    </test> <!-- Test -->
  </suite> <!-- Suite -->
</testng-results>
